{"/home/megan/Downloads/express-jobly-solution/app.js": {"path":"/home/megan/Downloads/express-jobly-solution/app.js","statementMap":{"0":{"start":{"line":5,"column":16},"end":{"line":5,"column":34}},"1":{"start":{"line":6,"column":13},"end":{"line":6,"column":28}},"2":{"start":{"line":8,"column":26},"end":{"line":8,"column":51}},"3":{"start":{"line":10,"column":28},"end":{"line":10,"column":56}},"4":{"start":{"line":11,"column":19},"end":{"line":11,"column":43}},"5":{"start":{"line":12,"column":24},"end":{"line":12,"column":53}},"6":{"start":{"line":13,"column":20},"end":{"line":13,"column":45}},"7":{"start":{"line":14,"column":19},"end":{"line":14,"column":43}},"8":{"start":{"line":16,"column":15},"end":{"line":16,"column":32}},"9":{"start":{"line":18,"column":12},"end":{"line":18,"column":21}},"10":{"start":{"line":20,"column":0},"end":{"line":20,"column":16}},"11":{"start":{"line":21,"column":0},"end":{"line":21,"column":24}},"12":{"start":{"line":22,"column":0},"end":{"line":22,"column":24}},"13":{"start":{"line":23,"column":0},"end":{"line":23,"column":25}},"14":{"start":{"line":25,"column":0},"end":{"line":25,"column":29}},"15":{"start":{"line":26,"column":0},"end":{"line":26,"column":39}},"16":{"start":{"line":27,"column":0},"end":{"line":27,"column":31}},"17":{"start":{"line":28,"column":0},"end":{"line":28,"column":29}},"18":{"start":{"line":32,"column":0},"end":{"line":34,"column":3}},"19":{"start":{"line":33,"column":2},"end":{"line":33,"column":35}},"20":{"start":{"line":37,"column":0},"end":{"line":45,"column":3}},"21":{"start":{"line":38,"column":2},"end":{"line":38,"column":64}},"22":{"start":{"line":38,"column":39},"end":{"line":38,"column":64}},"23":{"start":{"line":39,"column":17},"end":{"line":39,"column":34}},"24":{"start":{"line":40,"column":18},"end":{"line":40,"column":29}},"25":{"start":{"line":42,"column":2},"end":{"line":44,"column":5}},"26":{"start":{"line":47,"column":0},"end":{"line":47,"column":21}}},"fnMap":{"0":{"name":"(anonymous_0)","decl":{"start":{"line":32,"column":8},"end":{"line":32,"column":9}},"loc":{"start":{"line":32,"column":34},"end":{"line":34,"column":1}},"line":32},"1":{"name":"(anonymous_1)","decl":{"start":{"line":37,"column":8},"end":{"line":37,"column":9}},"loc":{"start":{"line":37,"column":39},"end":{"line":45,"column":1}},"line":37}},"branchMap":{"0":{"loc":{"start":{"line":38,"column":2},"end":{"line":38,"column":64}},"type":"if","locations":[{"start":{"line":38,"column":2},"end":{"line":38,"column":64}},{"start":{},"end":{}}],"line":38},"1":{"loc":{"start":{"line":39,"column":17},"end":{"line":39,"column":34}},"type":"binary-expr","locations":[{"start":{"line":39,"column":17},"end":{"line":39,"column":27}},{"start":{"line":39,"column":31},"end":{"line":39,"column":34}}],"line":39}},"s":{"0":5,"1":5,"2":5,"3":5,"4":5,"5":5,"6":5,"7":5,"8":5,"9":5,"10":5,"11":5,"12":5,"13":5,"14":5,"15":5,"16":5,"17":5,"18":5,"19":2,"20":5,"21":2,"22":1,"23":2,"24":2,"25":2,"26":5},"f":{"0":2,"1":2},"b":{"0":[1,1],"1":[2,0]},"_coverageSchema":"1a1c01bbd47fc00a2c39e90264f33305004495a9","hash":"4aa9ebe21bf90bbf3fd0f6afa2fadbf87f2ffa2a"}
,"/home/megan/Downloads/express-jobly-solution/config.js": {"path":"/home/megan/Downloads/express-jobly-solution/config.js","statementMap":{"0":{"start":{"line":5,"column":0},"end":{"line":5,"column":27}},"1":{"start":{"line":6,"column":0},"end":{"line":6,"column":18}},"2":{"start":{"line":8,"column":19},"end":{"line":8,"column":57}},"3":{"start":{"line":10,"column":13},"end":{"line":10,"column":38}},"4":{"start":{"line":14,"column":2},"end":{"line":16,"column":44}},"5":{"start":{"line":22,"column":27},"end":{"line":22,"column":67}},"6":{"start":{"line":24,"column":0},"end":{"line":24,"column":35}},"7":{"start":{"line":25,"column":0},"end":{"line":25,"column":46}},"8":{"start":{"line":26,"column":0},"end":{"line":26,"column":45}},"9":{"start":{"line":27,"column":0},"end":{"line":27,"column":61}},"10":{"start":{"line":28,"column":0},"end":{"line":28,"column":50}},"11":{"start":{"line":29,"column":0},"end":{"line":29,"column":19}},"12":{"start":{"line":31,"column":0},"end":{"line":36,"column":2}}},"fnMap":{"0":{"name":"getDatabaseUri","decl":{"start":{"line":13,"column":9},"end":{"line":13,"column":23}},"loc":{"start":{"line":13,"column":26},"end":{"line":17,"column":1}},"line":13}},"branchMap":{"0":{"loc":{"start":{"line":8,"column":19},"end":{"line":8,"column":57}},"type":"binary-expr","locations":[{"start":{"line":8,"column":19},"end":{"line":8,"column":41}},{"start":{"line":8,"column":45},"end":{"line":8,"column":57}}],"line":8},"1":{"loc":{"start":{"line":10,"column":13},"end":{"line":10,"column":38}},"type":"binary-expr","locations":[{"start":{"line":10,"column":13},"end":{"line":10,"column":30}},{"start":{"line":10,"column":34},"end":{"line":10,"column":38}}],"line":10},"2":{"loc":{"start":{"line":14,"column":9},"end":{"line":16,"column":43}},"type":"cond-expr","locations":[{"start":{"line":15,"column":8},"end":{"line":15,"column":20}},{"start":{"line":16,"column":8},"end":{"line":16,"column":43}}],"line":14},"3":{"loc":{"start":{"line":16,"column":8},"end":{"line":16,"column":43}},"type":"binary-expr","locations":[{"start":{"line":16,"column":8},"end":{"line":16,"column":32}},{"start":{"line":16,"column":36},"end":{"line":16,"column":43}}],"line":16},"4":{"loc":{"start":{"line":22,"column":27},"end":{"line":22,"column":67}},"type":"cond-expr","locations":[{"start":{"line":22,"column":61},"end":{"line":22,"column":62}},{"start":{"line":22,"column":65},"end":{"line":22,"column":67}}],"line":22}},"s":{"0":11,"1":11,"2":11,"3":11,"4":22,"5":11,"6":11,"7":11,"8":11,"9":11,"10":11,"11":11,"12":11},"f":{"0":22},"b":{"0":[11,10],"1":[11,10],"2":[19,3],"3":[3,1],"4":[10,1]},"_coverageSchema":"1a1c01bbd47fc00a2c39e90264f33305004495a9","hash":"40a64bbf004eddb36a3cd08da75e19da54e52af2"}
,"/home/megan/Downloads/express-jobly-solution/db.js": {"path":"/home/megan/Downloads/express-jobly-solution/db.js","statementMap":{"0":{"start":{"line":3,"column":19},"end":{"line":3,"column":32}},"1":{"start":{"line":4,"column":27},"end":{"line":4,"column":46}},"2":{"start":{"line":8,"column":0},"end":{"line":19,"column":1}},"3":{"start":{"line":9,"column":2},"end":{"line":14,"column":5}},"4":{"start":{"line":16,"column":2},"end":{"line":18,"column":5}},"5":{"start":{"line":21,"column":0},"end":{"line":21,"column":13}},"6":{"start":{"line":23,"column":0},"end":{"line":23,"column":20}}},"fnMap":{},"branchMap":{"0":{"loc":{"start":{"line":8,"column":0},"end":{"line":19,"column":1}},"type":"if","locations":[{"start":{"line":8,"column":0},"end":{"line":19,"column":1}},{"start":{"line":15,"column":7},"end":{"line":19,"column":1}}],"line":8}},"s":{"0":8,"1":8,"2":8,"3":0,"4":8,"5":8,"6":8},"f":{},"b":{"0":[0,8]},"_coverageSchema":"1a1c01bbd47fc00a2c39e90264f33305004495a9","hash":"d2ba6c0d57507b4817922d6bbd7ff4052b55b316"}
,"/home/megan/Downloads/express-jobly-solution/expressError.js": {"path":"/home/megan/Downloads/express-jobly-solution/expressError.js","statementMap":{"0":{"start":{"line":9,"column":4},"end":{"line":9,"column":12}},"1":{"start":{"line":10,"column":4},"end":{"line":10,"column":27}},"2":{"start":{"line":11,"column":4},"end":{"line":11,"column":25}},"3":{"start":{"line":19,"column":4},"end":{"line":19,"column":24}},"4":{"start":{"line":27,"column":4},"end":{"line":27,"column":24}},"5":{"start":{"line":35,"column":4},"end":{"line":35,"column":24}},"6":{"start":{"line":43,"column":4},"end":{"line":43,"column":24}},"7":{"start":{"line":47,"column":0},"end":{"line":53,"column":2}}},"fnMap":{"0":{"name":"(anonymous_0)","decl":{"start":{"line":8,"column":2},"end":{"line":8,"column":3}},"loc":{"start":{"line":8,"column":31},"end":{"line":12,"column":3}},"line":8},"1":{"name":"(anonymous_1)","decl":{"start":{"line":18,"column":2},"end":{"line":18,"column":3}},"loc":{"start":{"line":18,"column":37},"end":{"line":20,"column":3}},"line":18},"2":{"name":"(anonymous_2)","decl":{"start":{"line":26,"column":2},"end":{"line":26,"column":3}},"loc":{"start":{"line":26,"column":40},"end":{"line":28,"column":3}},"line":26},"3":{"name":"(anonymous_3)","decl":{"start":{"line":34,"column":2},"end":{"line":34,"column":3}},"loc":{"start":{"line":34,"column":39},"end":{"line":36,"column":3}},"line":34},"4":{"name":"(anonymous_4)","decl":{"start":{"line":42,"column":2},"end":{"line":42,"column":3}},"loc":{"start":{"line":42,"column":39},"end":{"line":44,"column":3}},"line":42}},"branchMap":{"0":{"loc":{"start":{"line":18,"column":14},"end":{"line":18,"column":35}},"type":"default-arg","locations":[{"start":{"line":18,"column":24},"end":{"line":18,"column":35}}],"line":18},"1":{"loc":{"start":{"line":26,"column":14},"end":{"line":26,"column":38}},"type":"default-arg","locations":[{"start":{"line":26,"column":24},"end":{"line":26,"column":38}}],"line":26},"2":{"loc":{"start":{"line":34,"column":14},"end":{"line":34,"column":37}},"type":"default-arg","locations":[{"start":{"line":34,"column":24},"end":{"line":34,"column":37}}],"line":34},"3":{"loc":{"start":{"line":42,"column":14},"end":{"line":42,"column":37}},"type":"default-arg","locations":[{"start":{"line":42,"column":24},"end":{"line":42,"column":37}}],"line":42}},"s":{"0":7,"1":7,"2":7,"3":2,"4":5,"5":0,"6":0,"7":10},"f":{"0":7,"1":2,"2":5,"3":0,"4":0},"b":{"0":[2],"1":[5],"2":[0],"3":[0]},"_coverageSchema":"1a1c01bbd47fc00a2c39e90264f33305004495a9","hash":"6448436105d71b7f6ec78a5ed5b79768b9bc640e"}
,"/home/megan/Downloads/express-jobly-solution/helpers/sql.js": {"path":"/home/megan/Downloads/express-jobly-solution/helpers/sql.js","statementMap":{"0":{"start":{"line":1,"column":28},"end":{"line":1,"column":54}},"1":{"start":{"line":21,"column":15},"end":{"line":21,"column":40}},"2":{"start":{"line":22,"column":2},"end":{"line":22,"column":62}},"3":{"start":{"line":22,"column":25},"end":{"line":22,"column":62}},"4":{"start":{"line":25,"column":15},"end":{"line":27,"column":3}},"5":{"start":{"line":26,"column":6},"end":{"line":26,"column":52}},"6":{"start":{"line":29,"column":2},"end":{"line":32,"column":4}},"7":{"start":{"line":35,"column":0},"end":{"line":35,"column":41}}},"fnMap":{"0":{"name":"sqlForPartialUpdate","decl":{"start":{"line":20,"column":9},"end":{"line":20,"column":28}},"loc":{"start":{"line":20,"column":52},"end":{"line":33,"column":1}},"line":20},"1":{"name":"(anonymous_1)","decl":{"start":{"line":25,"column":24},"end":{"line":25,"column":25}},"loc":{"start":{"line":26,"column":6},"end":{"line":26,"column":52}},"line":26}},"branchMap":{"0":{"loc":{"start":{"line":22,"column":2},"end":{"line":22,"column":62}},"type":"if","locations":[{"start":{"line":22,"column":2},"end":{"line":22,"column":62}},{"start":{},"end":{}}],"line":22},"1":{"loc":{"start":{"line":26,"column":10},"end":{"line":26,"column":37}},"type":"binary-expr","locations":[{"start":{"line":26,"column":10},"end":{"line":26,"column":26}},{"start":{"line":26,"column":30},"end":{"line":26,"column":37}}],"line":26}},"s":{"0":9,"1":2,"2":2,"3":0,"4":2,"5":3,"6":2,"7":9},"f":{"0":2,"1":3},"b":{"0":[0,2],"1":[3,1]},"_coverageSchema":"1a1c01bbd47fc00a2c39e90264f33305004495a9","hash":"e6fcf9d550d85ec9b7d66976e961ef22b9e62547"}
,"/home/megan/Downloads/express-jobly-solution/helpers/tokens.js": {"path":"/home/megan/Downloads/express-jobly-solution/helpers/tokens.js","statementMap":{"0":{"start":{"line":1,"column":12},"end":{"line":1,"column":35}},"1":{"start":{"line":2,"column":23},"end":{"line":2,"column":43}},"2":{"start":{"line":7,"column":2},"end":{"line":8,"column":58}},"3":{"start":{"line":10,"column":16},"end":{"line":13,"column":3}},"4":{"start":{"line":15,"column":2},"end":{"line":15,"column":39}},"5":{"start":{"line":18,"column":0},"end":{"line":18,"column":33}}},"fnMap":{"0":{"name":"createToken","decl":{"start":{"line":6,"column":9},"end":{"line":6,"column":20}},"loc":{"start":{"line":6,"column":27},"end":{"line":16,"column":1}},"line":6}},"branchMap":{"0":{"loc":{"start":{"line":12,"column":13},"end":{"line":12,"column":34}},"type":"binary-expr","locations":[{"start":{"line":12,"column":13},"end":{"line":12,"column":25}},{"start":{"line":12,"column":29},"end":{"line":12,"column":34}}],"line":12}},"s":{"0":6,"1":6,"2":15,"3":15,"4":15,"5":6},"f":{"0":15},"b":{"0":[15,10]},"_coverageSchema":"1a1c01bbd47fc00a2c39e90264f33305004495a9","hash":"b2d1fffa9f032569b5bf876d9d3d259b2c4cb3a5"}
,"/home/megan/Downloads/express-jobly-solution/middleware/auth.js": {"path":"/home/megan/Downloads/express-jobly-solution/middleware/auth.js","statementMap":{"0":{"start":{"line":5,"column":12},"end":{"line":5,"column":35}},"1":{"start":{"line":6,"column":23},"end":{"line":6,"column":43}},"2":{"start":{"line":7,"column":30},"end":{"line":7,"column":56}},"3":{"start":{"line":19,"column":2},"end":{"line":28,"column":3}},"4":{"start":{"line":20,"column":23},"end":{"line":20,"column":63}},"5":{"start":{"line":21,"column":4},"end":{"line":24,"column":5}},"6":{"start":{"line":22,"column":20},"end":{"line":22,"column":64}},"7":{"start":{"line":23,"column":6},"end":{"line":23,"column":54}},"8":{"start":{"line":25,"column":4},"end":{"line":25,"column":18}},"9":{"start":{"line":27,"column":4},"end":{"line":27,"column":18}},"10":{"start":{"line":37,"column":2},"end":{"line":42,"column":3}},"11":{"start":{"line":38,"column":4},"end":{"line":38,"column":56}},"12":{"start":{"line":38,"column":26},"end":{"line":38,"column":56}},"13":{"start":{"line":39,"column":4},"end":{"line":39,"column":18}},"14":{"start":{"line":41,"column":4},"end":{"line":41,"column":21}},"15":{"start":{"line":52,"column":2},"end":{"line":59,"column":3}},"16":{"start":{"line":53,"column":4},"end":{"line":55,"column":5}},"17":{"start":{"line":54,"column":6},"end":{"line":54,"column":36}},"18":{"start":{"line":56,"column":4},"end":{"line":56,"column":18}},"19":{"start":{"line":58,"column":4},"end":{"line":58,"column":21}},"20":{"start":{"line":69,"column":2},"end":{"line":77,"column":3}},"21":{"start":{"line":70,"column":17},"end":{"line":70,"column":32}},"22":{"start":{"line":71,"column":4},"end":{"line":73,"column":5}},"23":{"start":{"line":72,"column":6},"end":{"line":72,"column":36}},"24":{"start":{"line":74,"column":4},"end":{"line":74,"column":18}},"25":{"start":{"line":76,"column":4},"end":{"line":76,"column":21}},"26":{"start":{"line":81,"column":0},"end":{"line":86,"column":2}}},"fnMap":{"0":{"name":"authenticateJWT","decl":{"start":{"line":18,"column":9},"end":{"line":18,"column":24}},"loc":{"start":{"line":18,"column":41},"end":{"line":29,"column":1}},"line":18},"1":{"name":"ensureLoggedIn","decl":{"start":{"line":36,"column":9},"end":{"line":36,"column":23}},"loc":{"start":{"line":36,"column":40},"end":{"line":43,"column":1}},"line":36},"2":{"name":"ensureAdmin","decl":{"start":{"line":51,"column":9},"end":{"line":51,"column":20}},"loc":{"start":{"line":51,"column":37},"end":{"line":60,"column":1}},"line":51},"3":{"name":"ensureCorrectUserOrAdmin","decl":{"start":{"line":68,"column":9},"end":{"line":68,"column":33}},"loc":{"start":{"line":68,"column":50},"end":{"line":78,"column":1}},"line":68}},"branchMap":{"0":{"loc":{"start":{"line":20,"column":23},"end":{"line":20,"column":63}},"type":"binary-expr","locations":[{"start":{"line":20,"column":23},"end":{"line":20,"column":34}},{"start":{"line":20,"column":38},"end":{"line":20,"column":63}}],"line":20},"1":{"loc":{"start":{"line":21,"column":4},"end":{"line":24,"column":5}},"type":"if","locations":[{"start":{"line":21,"column":4},"end":{"line":24,"column":5}},{"start":{},"end":{}}],"line":21},"2":{"loc":{"start":{"line":38,"column":4},"end":{"line":38,"column":56}},"type":"if","locations":[{"start":{"line":38,"column":4},"end":{"line":38,"column":56}},{"start":{},"end":{}}],"line":38},"3":{"loc":{"start":{"line":53,"column":4},"end":{"line":55,"column":5}},"type":"if","locations":[{"start":{"line":53,"column":4},"end":{"line":55,"column":5}},{"start":{},"end":{}}],"line":53},"4":{"loc":{"start":{"line":53,"column":8},"end":{"line":53,"column":52}},"type":"binary-expr","locations":[{"start":{"line":53,"column":8},"end":{"line":53,"column":24}},{"start":{"line":53,"column":28},"end":{"line":53,"column":52}}],"line":53},"5":{"loc":{"start":{"line":71,"column":4},"end":{"line":73,"column":5}},"type":"if","locations":[{"start":{"line":71,"column":4},"end":{"line":73,"column":5}},{"start":{},"end":{}}],"line":71},"6":{"loc":{"start":{"line":71,"column":10},"end":{"line":71,"column":73}},"type":"binary-expr","locations":[{"start":{"line":71,"column":10},"end":{"line":71,"column":14}},{"start":{"line":71,"column":19},"end":{"line":71,"column":31}},{"start":{"line":71,"column":35},"end":{"line":71,"column":72}}],"line":71}},"s":{"0":6,"1":6,"2":6,"3":5,"4":5,"5":5,"6":2,"7":2,"8":4,"9":1,"10":2,"11":2,"12":1,"13":1,"14":1,"15":3,"16":3,"17":2,"18":1,"19":2,"20":4,"21":4,"22":4,"23":2,"24":2,"25":2,"26":6},"f":{"0":5,"1":2,"2":3,"3":4},"b":{"0":[5,4],"1":[2,3],"2":[1,1],"3":[2,1],"4":[3,2],"5":[2,2],"6":[4,3,2]},"_coverageSchema":"1a1c01bbd47fc00a2c39e90264f33305004495a9","hash":"70a8efd733b2d15f6f81430803fa9301b09aa5e0"}
,"/home/megan/Downloads/express-jobly-solution/models/_testCommon.js": {"path":"/home/megan/Downloads/express-jobly-solution/models/_testCommon.js","statementMap":{"0":{"start":{"line":1,"column":15},"end":{"line":1,"column":32}},"1":{"start":{"line":3,"column":11},"end":{"line":3,"column":30}},"2":{"start":{"line":4,"column":31},"end":{"line":4,"column":51}},"3":{"start":{"line":6,"column":19},"end":{"line":6,"column":21}},"4":{"start":{"line":10,"column":2},"end":{"line":10,"column":42}},"5":{"start":{"line":12,"column":2},"end":{"line":12,"column":38}},"6":{"start":{"line":14,"column":2},"end":{"line":18,"column":55}},"7":{"start":{"line":20,"column":22},"end":{"line":26,"column":18}},"8":{"start":{"line":27,"column":2},"end":{"line":27,"column":62}},"9":{"start":{"line":27,"column":55},"end":{"line":27,"column":59}},"10":{"start":{"line":29,"column":2},"end":{"line":41,"column":9}},"11":{"start":{"line":43,"column":2},"end":{"line":46,"column":23}},"12":{"start":{"line":50,"column":2},"end":{"line":50,"column":26}},"13":{"start":{"line":54,"column":2},"end":{"line":54,"column":29}},"14":{"start":{"line":58,"column":2},"end":{"line":58,"column":17}},"15":{"start":{"line":62,"column":0},"end":{"line":68,"column":2}}},"fnMap":{"0":{"name":"commonBeforeAll","decl":{"start":{"line":8,"column":15},"end":{"line":8,"column":30}},"loc":{"start":{"line":8,"column":33},"end":{"line":47,"column":1}},"line":8},"1":{"name":"(anonymous_1)","decl":{"start":{"line":27,"column":50},"end":{"line":27,"column":51}},"loc":{"start":{"line":27,"column":55},"end":{"line":27,"column":59}},"line":27},"2":{"name":"commonBeforeEach","decl":{"start":{"line":49,"column":15},"end":{"line":49,"column":31}},"loc":{"start":{"line":49,"column":34},"end":{"line":51,"column":1}},"line":49},"3":{"name":"commonAfterEach","decl":{"start":{"line":53,"column":15},"end":{"line":53,"column":30}},"loc":{"start":{"line":53,"column":33},"end":{"line":55,"column":1}},"line":53},"4":{"name":"commonAfterAll","decl":{"start":{"line":57,"column":15},"end":{"line":57,"column":29}},"loc":{"start":{"line":57,"column":32},"end":{"line":59,"column":1}},"line":57}},"branchMap":{},"s":{"0":3,"1":3,"2":3,"3":3,"4":3,"5":0,"6":0,"7":0,"8":0,"9":0,"10":0,"11":0,"12":0,"13":48,"14":3,"15":3},"f":{"0":3,"1":0,"2":0,"3":48,"4":3},"b":{},"_coverageSchema":"1a1c01bbd47fc00a2c39e90264f33305004495a9","hash":"8e954c8521839d5bada157d44ed23ca019442d60"}
,"/home/megan/Downloads/express-jobly-solution/models/company.js": {"path":"/home/megan/Downloads/express-jobly-solution/models/company.js","statementMap":{"0":{"start":{"line":3,"column":11},"end":{"line":3,"column":27}},"1":{"start":{"line":4,"column":43},"end":{"line":4,"column":69}},"2":{"start":{"line":5,"column":32},"end":{"line":5,"column":57}},"3":{"start":{"line":20,"column":27},"end":{"line":24,"column":17}},"4":{"start":{"line":26,"column":4},"end":{"line":27,"column":64}},"5":{"start":{"line":27,"column":6},"end":{"line":27,"column":64}},"6":{"start":{"line":29,"column":19},"end":{"line":41,"column":5}},"7":{"start":{"line":42,"column":20},"end":{"line":42,"column":34}},"8":{"start":{"line":44,"column":4},"end":{"line":44,"column":19}},"9":{"start":{"line":58,"column":16},"end":{"line":63,"column":32}},"10":{"start":{"line":64,"column":27},"end":{"line":64,"column":29}},"11":{"start":{"line":65,"column":22},"end":{"line":65,"column":24}},"12":{"start":{"line":67,"column":49},"end":{"line":67,"column":62}},"13":{"start":{"line":69,"column":4},"end":{"line":71,"column":5}},"14":{"start":{"line":70,"column":6},"end":{"line":70,"column":76}},"15":{"start":{"line":76,"column":4},"end":{"line":79,"column":5}},"16":{"start":{"line":77,"column":6},"end":{"line":77,"column":37}},"17":{"start":{"line":78,"column":6},"end":{"line":78,"column":71}},"18":{"start":{"line":81,"column":4},"end":{"line":84,"column":5}},"19":{"start":{"line":82,"column":6},"end":{"line":82,"column":37}},"20":{"start":{"line":83,"column":6},"end":{"line":83,"column":71}},"21":{"start":{"line":86,"column":4},"end":{"line":89,"column":5}},"22":{"start":{"line":87,"column":6},"end":{"line":87,"column":36}},"23":{"start":{"line":88,"column":6},"end":{"line":88,"column":65}},"24":{"start":{"line":91,"column":4},"end":{"line":93,"column":5}},"25":{"start":{"line":92,"column":6},"end":{"line":92,"column":58}},"26":{"start":{"line":97,"column":4},"end":{"line":97,"column":30}},"27":{"start":{"line":98,"column":25},"end":{"line":98,"column":59}},"28":{"start":{"line":99,"column":4},"end":{"line":99,"column":29}},"29":{"start":{"line":111,"column":23},"end":{"line":119,"column":17}},"30":{"start":{"line":121,"column":20},"end":{"line":121,"column":38}},"31":{"start":{"line":123,"column":4},"end":{"line":123,"column":67}},"32":{"start":{"line":123,"column":18},"end":{"line":123,"column":67}},"33":{"start":{"line":125,"column":20},"end":{"line":131,"column":5}},"34":{"start":{"line":133,"column":4},"end":{"line":133,"column":32}},"35":{"start":{"line":135,"column":4},"end":{"line":135,"column":19}},"36":{"start":{"line":151,"column":32},"end":{"line":156,"column":10}},"37":{"start":{"line":157,"column":25},"end":{"line":157,"column":50}},"38":{"start":{"line":159,"column":21},"end":{"line":166,"column":54}},"39":{"start":{"line":167,"column":19},"end":{"line":167,"column":64}},"40":{"start":{"line":168,"column":20},"end":{"line":168,"column":34}},"41":{"start":{"line":170,"column":4},"end":{"line":170,"column":67}},"42":{"start":{"line":170,"column":18},"end":{"line":170,"column":67}},"43":{"start":{"line":172,"column":4},"end":{"line":172,"column":19}},"44":{"start":{"line":181,"column":19},"end":{"line":186,"column":17}},"45":{"start":{"line":187,"column":20},"end":{"line":187,"column":34}},"46":{"start":{"line":189,"column":4},"end":{"line":189,"column":67}},"47":{"start":{"line":189,"column":18},"end":{"line":189,"column":67}},"48":{"start":{"line":194,"column":0},"end":{"line":194,"column":25}}},"fnMap":{"0":{"name":"(anonymous_0)","decl":{"start":{"line":19,"column":2},"end":{"line":19,"column":3}},"loc":{"start":{"line":19,"column":76},"end":{"line":45,"column":3}},"line":19},"1":{"name":"(anonymous_1)","decl":{"start":{"line":57,"column":2},"end":{"line":57,"column":3}},"loc":{"start":{"line":57,"column":43},"end":{"line":100,"column":3}},"line":57},"2":{"name":"(anonymous_2)","decl":{"start":{"line":110,"column":2},"end":{"line":110,"column":3}},"loc":{"start":{"line":110,"column":27},"end":{"line":136,"column":3}},"line":110},"3":{"name":"(anonymous_3)","decl":{"start":{"line":150,"column":2},"end":{"line":150,"column":3}},"loc":{"start":{"line":150,"column":36},"end":{"line":173,"column":3}},"line":150},"4":{"name":"(anonymous_4)","decl":{"start":{"line":180,"column":2},"end":{"line":180,"column":3}},"loc":{"start":{"line":180,"column":30},"end":{"line":190,"column":3}},"line":180}},"branchMap":{"0":{"loc":{"start":{"line":26,"column":4},"end":{"line":27,"column":64}},"type":"if","locations":[{"start":{"line":26,"column":4},"end":{"line":27,"column":64}},{"start":{},"end":{}}],"line":26},"1":{"loc":{"start":{"line":57,"column":23},"end":{"line":57,"column":41}},"type":"default-arg","locations":[{"start":{"line":57,"column":39},"end":{"line":57,"column":41}}],"line":57},"2":{"loc":{"start":{"line":69,"column":4},"end":{"line":71,"column":5}},"type":"if","locations":[{"start":{"line":69,"column":4},"end":{"line":71,"column":5}},{"start":{},"end":{}}],"line":69},"3":{"loc":{"start":{"line":76,"column":4},"end":{"line":79,"column":5}},"type":"if","locations":[{"start":{"line":76,"column":4},"end":{"line":79,"column":5}},{"start":{},"end":{}}],"line":76},"4":{"loc":{"start":{"line":81,"column":4},"end":{"line":84,"column":5}},"type":"if","locations":[{"start":{"line":81,"column":4},"end":{"line":84,"column":5}},{"start":{},"end":{}}],"line":81},"5":{"loc":{"start":{"line":86,"column":4},"end":{"line":89,"column":5}},"type":"if","locations":[{"start":{"line":86,"column":4},"end":{"line":89,"column":5}},{"start":{},"end":{}}],"line":86},"6":{"loc":{"start":{"line":91,"column":4},"end":{"line":93,"column":5}},"type":"if","locations":[{"start":{"line":91,"column":4},"end":{"line":93,"column":5}},{"start":{},"end":{}}],"line":91},"7":{"loc":{"start":{"line":123,"column":4},"end":{"line":123,"column":67}},"type":"if","locations":[{"start":{"line":123,"column":4},"end":{"line":123,"column":67}},{"start":{},"end":{}}],"line":123},"8":{"loc":{"start":{"line":170,"column":4},"end":{"line":170,"column":67}},"type":"if","locations":[{"start":{"line":170,"column":4},"end":{"line":170,"column":67}},{"start":{},"end":{}}],"line":170},"9":{"loc":{"start":{"line":189,"column":4},"end":{"line":189,"column":67}},"type":"if","locations":[{"start":{"line":189,"column":4},"end":{"line":189,"column":67}},{"start":{},"end":{}}],"line":189}},"s":{"0":6,"1":6,"2":6,"3":0,"4":0,"5":0,"6":0,"7":0,"8":0,"9":0,"10":0,"11":0,"12":0,"13":0,"14":0,"15":0,"16":0,"17":0,"18":0,"19":0,"20":0,"21":0,"22":0,"23":0,"24":0,"25":0,"26":0,"27":0,"28":0,"29":0,"30":0,"31":0,"32":0,"33":0,"34":0,"35":0,"36":0,"37":0,"38":0,"39":0,"40":0,"41":0,"42":0,"43":0,"44":0,"45":0,"46":0,"47":0,"48":6},"f":{"0":0,"1":0,"2":0,"3":0,"4":0},"b":{"0":[0,0],"1":[0],"2":[0,0],"3":[0,0],"4":[0,0],"5":[0,0],"6":[0,0],"7":[0,0],"8":[0,0],"9":[0,0]},"_coverageSchema":"1a1c01bbd47fc00a2c39e90264f33305004495a9","hash":"13d1d004dbd01256263459a5d34ba0a3a6c84aa8"}
,"/home/megan/Downloads/express-jobly-solution/models/job.js": {"path":"/home/megan/Downloads/express-jobly-solution/models/job.js","statementMap":{"0":{"start":{"line":3,"column":11},"end":{"line":3,"column":27}},"1":{"start":{"line":4,"column":25},"end":{"line":4,"column":51}},"2":{"start":{"line":5,"column":32},"end":{"line":5,"column":57}},"3":{"start":{"line":19,"column":19},"end":{"line":31,"column":10}},"4":{"start":{"line":32,"column":14},"end":{"line":32,"column":28}},"5":{"start":{"line":34,"column":4},"end":{"line":34,"column":15}},"6":{"start":{"line":48,"column":16},"end":{"line":55,"column":75}},"7":{"start":{"line":56,"column":27},"end":{"line":56,"column":29}},"8":{"start":{"line":57,"column":22},"end":{"line":57,"column":24}},"9":{"start":{"line":62,"column":4},"end":{"line":65,"column":5}},"10":{"start":{"line":63,"column":6},"end":{"line":63,"column":34}},"11":{"start":{"line":64,"column":6},"end":{"line":64,"column":64}},"12":{"start":{"line":67,"column":4},"end":{"line":69,"column":5}},"13":{"start":{"line":68,"column":6},"end":{"line":68,"column":42}},"14":{"start":{"line":71,"column":4},"end":{"line":74,"column":5}},"15":{"start":{"line":72,"column":6},"end":{"line":72,"column":37}},"16":{"start":{"line":73,"column":6},"end":{"line":73,"column":66}},"17":{"start":{"line":76,"column":4},"end":{"line":78,"column":5}},"18":{"start":{"line":77,"column":6},"end":{"line":77,"column":58}},"19":{"start":{"line":82,"column":4},"end":{"line":82,"column":31}},"20":{"start":{"line":83,"column":20},"end":{"line":83,"column":54}},"21":{"start":{"line":84,"column":4},"end":{"line":84,"column":24}},"22":{"start":{"line":96,"column":19},"end":{"line":103,"column":32}},"23":{"start":{"line":105,"column":16},"end":{"line":105,"column":30}},"24":{"start":{"line":107,"column":4},"end":{"line":107,"column":55}},"25":{"start":{"line":107,"column":14},"end":{"line":107,"column":55}},"26":{"start":{"line":109,"column":25},"end":{"line":116,"column":51}},"27":{"start":{"line":118,"column":4},"end":{"line":118,"column":29}},"28":{"start":{"line":119,"column":4},"end":{"line":119,"column":39}},"29":{"start":{"line":121,"column":4},"end":{"line":121,"column":15}},"30":{"start":{"line":137,"column":32},"end":{"line":139,"column":11}},"31":{"start":{"line":140,"column":21},"end":{"line":140,"column":46}},"32":{"start":{"line":142,"column":21},"end":{"line":149,"column":66}},"33":{"start":{"line":150,"column":19},"end":{"line":150,"column":60}},"34":{"start":{"line":151,"column":16},"end":{"line":151,"column":30}},"35":{"start":{"line":153,"column":4},"end":{"line":153,"column":55}},"36":{"start":{"line":153,"column":14},"end":{"line":153,"column":55}},"37":{"start":{"line":155,"column":4},"end":{"line":155,"column":15}},"38":{"start":{"line":164,"column":19},"end":{"line":168,"column":31}},"39":{"start":{"line":169,"column":16},"end":{"line":169,"column":30}},"40":{"start":{"line":171,"column":4},"end":{"line":171,"column":55}},"41":{"start":{"line":171,"column":14},"end":{"line":171,"column":55}},"42":{"start":{"line":175,"column":0},"end":{"line":175,"column":21}}},"fnMap":{"0":{"name":"(anonymous_0)","decl":{"start":{"line":18,"column":2},"end":{"line":18,"column":3}},"loc":{"start":{"line":18,"column":28},"end":{"line":35,"column":3}},"line":18},"1":{"name":"(anonymous_1)","decl":{"start":{"line":47,"column":2},"end":{"line":47,"column":3}},"loc":{"start":{"line":47,"column":61},"end":{"line":85,"column":3}},"line":47},"2":{"name":"(anonymous_2)","decl":{"start":{"line":95,"column":2},"end":{"line":95,"column":3}},"loc":{"start":{"line":95,"column":23},"end":{"line":122,"column":3}},"line":95},"3":{"name":"(anonymous_3)","decl":{"start":{"line":136,"column":2},"end":{"line":136,"column":3}},"loc":{"start":{"line":136,"column":32},"end":{"line":156,"column":3}},"line":136},"4":{"name":"(anonymous_4)","decl":{"start":{"line":163,"column":2},"end":{"line":163,"column":3}},"loc":{"start":{"line":163,"column":26},"end":{"line":172,"column":3}},"line":163}},"branchMap":{"0":{"loc":{"start":{"line":47,"column":23},"end":{"line":47,"column":59}},"type":"default-arg","locations":[{"start":{"line":47,"column":57},"end":{"line":47,"column":59}}],"line":47},"1":{"loc":{"start":{"line":62,"column":4},"end":{"line":65,"column":5}},"type":"if","locations":[{"start":{"line":62,"column":4},"end":{"line":65,"column":5}},{"start":{},"end":{}}],"line":62},"2":{"loc":{"start":{"line":67,"column":4},"end":{"line":69,"column":5}},"type":"if","locations":[{"start":{"line":67,"column":4},"end":{"line":69,"column":5}},{"start":{},"end":{}}],"line":67},"3":{"loc":{"start":{"line":71,"column":4},"end":{"line":74,"column":5}},"type":"if","locations":[{"start":{"line":71,"column":4},"end":{"line":74,"column":5}},{"start":{},"end":{}}],"line":71},"4":{"loc":{"start":{"line":76,"column":4},"end":{"line":78,"column":5}},"type":"if","locations":[{"start":{"line":76,"column":4},"end":{"line":78,"column":5}},{"start":{},"end":{}}],"line":76},"5":{"loc":{"start":{"line":107,"column":4},"end":{"line":107,"column":55}},"type":"if","locations":[{"start":{"line":107,"column":4},"end":{"line":107,"column":55}},{"start":{},"end":{}}],"line":107},"6":{"loc":{"start":{"line":153,"column":4},"end":{"line":153,"column":55}},"type":"if","locations":[{"start":{"line":153,"column":4},"end":{"line":153,"column":55}},{"start":{},"end":{}}],"line":153},"7":{"loc":{"start":{"line":171,"column":4},"end":{"line":171,"column":55}},"type":"if","locations":[{"start":{"line":171,"column":4},"end":{"line":171,"column":55}},{"start":{},"end":{}}],"line":171}},"s":{"0":6,"1":6,"2":6,"3":0,"4":0,"5":0,"6":0,"7":0,"8":0,"9":0,"10":0,"11":0,"12":0,"13":0,"14":0,"15":0,"16":0,"17":0,"18":0,"19":0,"20":0,"21":0,"22":0,"23":0,"24":0,"25":0,"26":0,"27":0,"28":0,"29":0,"30":0,"31":0,"32":0,"33":0,"34":0,"35":0,"36":0,"37":0,"38":0,"39":0,"40":0,"41":0,"42":6},"f":{"0":0,"1":0,"2":0,"3":0,"4":0},"b":{"0":[0],"1":[0,0],"2":[0,0],"3":[0,0],"4":[0,0],"5":[0,0],"6":[0,0],"7":[0,0]},"_coverageSchema":"1a1c01bbd47fc00a2c39e90264f33305004495a9","hash":"6ef653efb9bccda8768cba08ca49275014648b71"}
,"/home/megan/Downloads/express-jobly-solution/models/user.js": {"path":"/home/megan/Downloads/express-jobly-solution/models/user.js","statementMap":{"0":{"start":{"line":3,"column":11},"end":{"line":3,"column":27}},"1":{"start":{"line":4,"column":15},"end":{"line":4,"column":32}},"2":{"start":{"line":5,"column":32},"end":{"line":5,"column":57}},"3":{"start":{"line":10,"column":4},"end":{"line":10,"column":30}},"4":{"start":{"line":12,"column":31},"end":{"line":12,"column":54}},"5":{"start":{"line":26,"column":19},"end":{"line":36,"column":5}},"6":{"start":{"line":38,"column":17},"end":{"line":38,"column":31}},"7":{"start":{"line":40,"column":4},"end":{"line":47,"column":5}},"8":{"start":{"line":42,"column":22},"end":{"line":42,"column":67}},"9":{"start":{"line":43,"column":6},"end":{"line":46,"column":7}},"10":{"start":{"line":44,"column":8},"end":{"line":44,"column":29}},"11":{"start":{"line":45,"column":8},"end":{"line":45,"column":20}},"12":{"start":{"line":49,"column":4},"end":{"line":49,"column":61}},"13":{"start":{"line":61,"column":27},"end":{"line":66,"column":5}},"14":{"start":{"line":68,"column":4},"end":{"line":70,"column":5}},"15":{"start":{"line":69,"column":6},"end":{"line":69,"column":67}},"16":{"start":{"line":72,"column":27},"end":{"line":72,"column":74}},"17":{"start":{"line":74,"column":19},"end":{"line":92,"column":5}},"18":{"start":{"line":94,"column":17},"end":{"line":94,"column":31}},"19":{"start":{"line":96,"column":4},"end":{"line":96,"column":16}},"20":{"start":{"line":105,"column":19},"end":{"line":113,"column":5}},"21":{"start":{"line":115,"column":4},"end":{"line":115,"column":23}},"22":{"start":{"line":127,"column":20},"end":{"line":136,"column":5}},"23":{"start":{"line":138,"column":17},"end":{"line":138,"column":32}},"24":{"start":{"line":140,"column":4},"end":{"line":140,"column":63}},"25":{"start":{"line":140,"column":15},"end":{"line":140,"column":63}},"26":{"start":{"line":142,"column":32},"end":{"line":145,"column":46}},"27":{"start":{"line":147,"column":4},"end":{"line":147,"column":68}},"28":{"start":{"line":147,"column":58},"end":{"line":147,"column":66}},"29":{"start":{"line":148,"column":4},"end":{"line":148,"column":16}},"30":{"start":{"line":169,"column":4},"end":{"line":171,"column":5}},"31":{"start":{"line":170,"column":6},"end":{"line":170,"column":75}},"32":{"start":{"line":173,"column":32},"end":{"line":179,"column":10}},"33":{"start":{"line":180,"column":27},"end":{"line":180,"column":52}},"34":{"start":{"line":182,"column":21},"end":{"line":189,"column":54}},"35":{"start":{"line":190,"column":19},"end":{"line":190,"column":66}},"36":{"start":{"line":191,"column":17},"end":{"line":191,"column":31}},"37":{"start":{"line":193,"column":4},"end":{"line":193,"column":63}},"38":{"start":{"line":193,"column":15},"end":{"line":193,"column":63}},"39":{"start":{"line":195,"column":4},"end":{"line":195,"column":25}},"40":{"start":{"line":196,"column":4},"end":{"line":196,"column":16}},"41":{"start":{"line":202,"column":17},"end":{"line":208,"column":5}},"42":{"start":{"line":209,"column":17},"end":{"line":209,"column":31}},"43":{"start":{"line":211,"column":4},"end":{"line":211,"column":63}},"44":{"start":{"line":211,"column":15},"end":{"line":211,"column":63}},"45":{"start":{"line":221,"column":21},"end":{"line":224,"column":35}},"46":{"start":{"line":225,"column":16},"end":{"line":225,"column":32}},"47":{"start":{"line":227,"column":4},"end":{"line":227,"column":58}},"48":{"start":{"line":227,"column":14},"end":{"line":227,"column":58}},"49":{"start":{"line":229,"column":22},"end":{"line":232,"column":44}},"50":{"start":{"line":233,"column":17},"end":{"line":233,"column":34}},"51":{"start":{"line":235,"column":4},"end":{"line":235,"column":67}},"52":{"start":{"line":235,"column":15},"end":{"line":235,"column":67}},"53":{"start":{"line":237,"column":4},"end":{"line":240,"column":27}},"54":{"start":{"line":245,"column":0},"end":{"line":245,"column":22}}},"fnMap":{"0":{"name":"(anonymous_0)","decl":{"start":{"line":24,"column":2},"end":{"line":24,"column":3}},"loc":{"start":{"line":24,"column":48},"end":{"line":50,"column":3}},"line":24},"1":{"name":"(anonymous_1)","decl":{"start":{"line":59,"column":2},"end":{"line":59,"column":3}},"loc":{"start":{"line":60,"column":67},"end":{"line":97,"column":3}},"line":60},"2":{"name":"(anonymous_2)","decl":{"start":{"line":104,"column":2},"end":{"line":104,"column":3}},"loc":{"start":{"line":104,"column":25},"end":{"line":116,"column":3}},"line":104},"3":{"name":"(anonymous_3)","decl":{"start":{"line":126,"column":2},"end":{"line":126,"column":3}},"loc":{"start":{"line":126,"column":29},"end":{"line":149,"column":3}},"line":126},"4":{"name":"(anonymous_4)","decl":{"start":{"line":147,"column":53},"end":{"line":147,"column":54}},"loc":{"start":{"line":147,"column":58},"end":{"line":147,"column":66}},"line":147},"5":{"name":"(anonymous_5)","decl":{"start":{"line":168,"column":2},"end":{"line":168,"column":3}},"loc":{"start":{"line":168,"column":38},"end":{"line":197,"column":3}},"line":168},"6":{"name":"(anonymous_6)","decl":{"start":{"line":201,"column":2},"end":{"line":201,"column":3}},"loc":{"start":{"line":201,"column":32},"end":{"line":212,"column":3}},"line":201},"7":{"name":"(anonymous_7)","decl":{"start":{"line":220,"column":2},"end":{"line":220,"column":3}},"loc":{"start":{"line":220,"column":43},"end":{"line":241,"column":3}},"line":220}},"branchMap":{"0":{"loc":{"start":{"line":40,"column":4},"end":{"line":47,"column":5}},"type":"if","locations":[{"start":{"line":40,"column":4},"end":{"line":47,"column":5}},{"start":{},"end":{}}],"line":40},"1":{"loc":{"start":{"line":43,"column":6},"end":{"line":46,"column":7}},"type":"if","locations":[{"start":{"line":43,"column":6},"end":{"line":46,"column":7}},{"start":{},"end":{}}],"line":43},"2":{"loc":{"start":{"line":68,"column":4},"end":{"line":70,"column":5}},"type":"if","locations":[{"start":{"line":68,"column":4},"end":{"line":70,"column":5}},{"start":{},"end":{}}],"line":68},"3":{"loc":{"start":{"line":140,"column":4},"end":{"line":140,"column":63}},"type":"if","locations":[{"start":{"line":140,"column":4},"end":{"line":140,"column":63}},{"start":{},"end":{}}],"line":140},"4":{"loc":{"start":{"line":169,"column":4},"end":{"line":171,"column":5}},"type":"if","locations":[{"start":{"line":169,"column":4},"end":{"line":171,"column":5}},{"start":{},"end":{}}],"line":169},"5":{"loc":{"start":{"line":193,"column":4},"end":{"line":193,"column":63}},"type":"if","locations":[{"start":{"line":193,"column":4},"end":{"line":193,"column":63}},{"start":{},"end":{}}],"line":193},"6":{"loc":{"start":{"line":211,"column":4},"end":{"line":211,"column":63}},"type":"if","locations":[{"start":{"line":211,"column":4},"end":{"line":211,"column":63}},{"start":{},"end":{}}],"line":211},"7":{"loc":{"start":{"line":227,"column":4},"end":{"line":227,"column":58}},"type":"if","locations":[{"start":{"line":227,"column":4},"end":{"line":227,"column":58}},{"start":{},"end":{}}],"line":227},"8":{"loc":{"start":{"line":235,"column":4},"end":{"line":235,"column":67}},"type":"if","locations":[{"start":{"line":235,"column":4},"end":{"line":235,"column":67}},{"start":{},"end":{}}],"line":235}},"s":{"0":6,"1":6,"2":6,"3":6,"4":6,"5":0,"6":0,"7":0,"8":0,"9":0,"10":0,"11":0,"12":0,"13":0,"14":0,"15":0,"16":0,"17":0,"18":0,"19":0,"20":0,"21":0,"22":0,"23":0,"24":0,"25":0,"26":0,"27":0,"28":0,"29":0,"30":0,"31":0,"32":0,"33":0,"34":0,"35":0,"36":0,"37":0,"38":0,"39":0,"40":0,"41":0,"42":0,"43":0,"44":0,"45":0,"46":0,"47":0,"48":0,"49":0,"50":0,"51":0,"52":0,"53":0,"54":6},"f":{"0":0,"1":0,"2":0,"3":0,"4":0,"5":0,"6":0,"7":0},"b":{"0":[0,0],"1":[0,0],"2":[0,0],"3":[0,0],"4":[0,0],"5":[0,0],"6":[0,0],"7":[0,0],"8":[0,0]},"_coverageSchema":"1a1c01bbd47fc00a2c39e90264f33305004495a9","hash":"6c6dd27210fba314f37d6a5c739626ba93509c87"}
,"/home/megan/Downloads/express-jobly-solution/routes/_testCommon.js": {"path":"/home/megan/Downloads/express-jobly-solution/routes/_testCommon.js","statementMap":{"0":{"start":{"line":3,"column":11},"end":{"line":3,"column":30}},"1":{"start":{"line":4,"column":13},"end":{"line":4,"column":38}},"2":{"start":{"line":5,"column":16},"end":{"line":5,"column":44}},"3":{"start":{"line":6,"column":12},"end":{"line":6,"column":36}},"4":{"start":{"line":7,"column":24},"end":{"line":7,"column":52}},"5":{"start":{"line":9,"column":19},"end":{"line":9,"column":21}},"6":{"start":{"line":13,"column":2},"end":{"line":13,"column":38}},"7":{"start":{"line":15,"column":2},"end":{"line":15,"column":42}},"8":{"start":{"line":17,"column":2},"end":{"line":24,"column":9}},"9":{"start":{"line":25,"column":2},"end":{"line":32,"column":9}},"10":{"start":{"line":33,"column":2},"end":{"line":40,"column":9}},"11":{"start":{"line":42,"column":2},"end":{"line":43,"column":74}},"12":{"start":{"line":44,"column":2},"end":{"line":45,"column":74}},"13":{"start":{"line":46,"column":2},"end":{"line":47,"column":77}},"14":{"start":{"line":49,"column":2},"end":{"line":56,"column":5}},"15":{"start":{"line":57,"column":2},"end":{"line":64,"column":5}},"16":{"start":{"line":65,"column":2},"end":{"line":72,"column":5}},"17":{"start":{"line":74,"column":2},"end":{"line":74,"column":45}},"18":{"start":{"line":78,"column":2},"end":{"line":78,"column":26}},"19":{"start":{"line":82,"column":2},"end":{"line":82,"column":29}},"20":{"start":{"line":86,"column":2},"end":{"line":86,"column":17}},"21":{"start":{"line":90,"column":16},"end":{"line":90,"column":63}},"22":{"start":{"line":91,"column":16},"end":{"line":91,"column":63}},"23":{"start":{"line":92,"column":19},"end":{"line":92,"column":68}},"24":{"start":{"line":95,"column":0},"end":{"line":104,"column":2}}},"fnMap":{"0":{"name":"commonBeforeAll","decl":{"start":{"line":11,"column":15},"end":{"line":11,"column":30}},"loc":{"start":{"line":11,"column":33},"end":{"line":75,"column":1}},"line":11},"1":{"name":"commonBeforeEach","decl":{"start":{"line":77,"column":15},"end":{"line":77,"column":31}},"loc":{"start":{"line":77,"column":34},"end":{"line":79,"column":1}},"line":77},"2":{"name":"commonAfterEach","decl":{"start":{"line":81,"column":15},"end":{"line":81,"column":30}},"loc":{"start":{"line":81,"column":33},"end":{"line":83,"column":1}},"line":81},"3":{"name":"commonAfterAll","decl":{"start":{"line":85,"column":15},"end":{"line":85,"column":29}},"loc":{"start":{"line":85,"column":32},"end":{"line":87,"column":1}},"line":85}},"branchMap":{},"s":{"0":4,"1":4,"2":4,"3":4,"4":4,"5":4,"6":4,"7":0,"8":0,"9":0,"10":0,"11":0,"12":0,"13":0,"14":0,"15":0,"16":0,"17":0,"18":0,"19":82,"20":4,"21":4,"22":4,"23":4,"24":4},"f":{"0":4,"1":0,"2":82,"3":4},"b":{},"_coverageSchema":"1a1c01bbd47fc00a2c39e90264f33305004495a9","hash":"b5dbb673ce08343e4f3312d73359ac434341c9d6"}
,"/home/megan/Downloads/express-jobly-solution/routes/auth.js": {"path":"/home/megan/Downloads/express-jobly-solution/routes/auth.js","statementMap":{"0":{"start":{"line":5,"column":19},"end":{"line":5,"column":40}},"1":{"start":{"line":7,"column":13},"end":{"line":7,"column":38}},"2":{"start":{"line":8,"column":16},"end":{"line":8,"column":34}},"3":{"start":{"line":9,"column":15},"end":{"line":9,"column":35}},"4":{"start":{"line":10,"column":24},"end":{"line":10,"column":52}},"5":{"start":{"line":11,"column":23},"end":{"line":11,"column":58}},"6":{"start":{"line":12,"column":27},"end":{"line":12,"column":66}},"7":{"start":{"line":13,"column":28},"end":{"line":13,"column":54}},"8":{"start":{"line":22,"column":0},"end":{"line":37,"column":3}},"9":{"start":{"line":23,"column":2},"end":{"line":36,"column":3}},"10":{"start":{"line":24,"column":22},"end":{"line":24,"column":67}},"11":{"start":{"line":25,"column":4},"end":{"line":28,"column":5}},"12":{"start":{"line":26,"column":19},"end":{"line":26,"column":53}},"13":{"start":{"line":26,"column":45},"end":{"line":26,"column":52}},"14":{"start":{"line":27,"column":6},"end":{"line":27,"column":38}},"15":{"start":{"line":30,"column":35},"end":{"line":30,"column":43}},"16":{"start":{"line":31,"column":17},"end":{"line":31,"column":60}},"17":{"start":{"line":32,"column":18},"end":{"line":32,"column":35}},"18":{"start":{"line":33,"column":4},"end":{"line":33,"column":31}},"19":{"start":{"line":35,"column":4},"end":{"line":35,"column":21}},"20":{"start":{"line":49,"column":0},"end":{"line":63,"column":3}},"21":{"start":{"line":50,"column":2},"end":{"line":62,"column":3}},"22":{"start":{"line":51,"column":22},"end":{"line":51,"column":71}},"23":{"start":{"line":52,"column":4},"end":{"line":55,"column":5}},"24":{"start":{"line":53,"column":19},"end":{"line":53,"column":53}},"25":{"start":{"line":53,"column":45},"end":{"line":53,"column":52}},"26":{"start":{"line":54,"column":6},"end":{"line":54,"column":38}},"27":{"start":{"line":57,"column":20},"end":{"line":57,"column":72}},"28":{"start":{"line":58,"column":18},"end":{"line":58,"column":38}},"29":{"start":{"line":59,"column":4},"end":{"line":59,"column":43}},"30":{"start":{"line":61,"column":4},"end":{"line":61,"column":21}},"31":{"start":{"line":66,"column":0},"end":{"line":66,"column":24}}},"fnMap":{"0":{"name":"(anonymous_0)","decl":{"start":{"line":22,"column":22},"end":{"line":22,"column":23}},"loc":{"start":{"line":22,"column":54},"end":{"line":37,"column":1}},"line":22},"1":{"name":"(anonymous_1)","decl":{"start":{"line":26,"column":40},"end":{"line":26,"column":41}},"loc":{"start":{"line":26,"column":45},"end":{"line":26,"column":52}},"line":26},"2":{"name":"(anonymous_2)","decl":{"start":{"line":49,"column":25},"end":{"line":49,"column":26}},"loc":{"start":{"line":49,"column":57},"end":{"line":63,"column":1}},"line":49},"3":{"name":"(anonymous_3)","decl":{"start":{"line":53,"column":40},"end":{"line":53,"column":41}},"loc":{"start":{"line":53,"column":45},"end":{"line":53,"column":52}},"line":53}},"branchMap":{"0":{"loc":{"start":{"line":25,"column":4},"end":{"line":28,"column":5}},"type":"if","locations":[{"start":{"line":25,"column":4},"end":{"line":28,"column":5}},{"start":{},"end":{}}],"line":25},"1":{"loc":{"start":{"line":52,"column":4},"end":{"line":55,"column":5}},"type":"if","locations":[{"start":{"line":52,"column":4},"end":{"line":55,"column":5}},{"start":{},"end":{}}],"line":52}},"s":{"0":5,"1":5,"2":5,"3":5,"4":5,"5":5,"6":5,"7":5,"8":5,"9":0,"10":0,"11":0,"12":0,"13":0,"14":0,"15":0,"16":0,"17":0,"18":0,"19":0,"20":5,"21":0,"22":0,"23":0,"24":0,"25":0,"26":0,"27":0,"28":0,"29":0,"30":0,"31":5},"f":{"0":0,"1":0,"2":0,"3":0},"b":{"0":[0,0],"1":[0,0]},"_coverageSchema":"1a1c01bbd47fc00a2c39e90264f33305004495a9","hash":"4ff0d9ddb5522bb4a177021213121be39a506433"}
,"/home/megan/Downloads/express-jobly-solution/routes/companies.js": {"path":"/home/megan/Downloads/express-jobly-solution/routes/companies.js","statementMap":{"0":{"start":{"line":5,"column":19},"end":{"line":5,"column":40}},"1":{"start":{"line":6,"column":16},"end":{"line":6,"column":34}},"2":{"start":{"line":8,"column":28},"end":{"line":8,"column":54}},"3":{"start":{"line":9,"column":24},"end":{"line":9,"column":53}},"4":{"start":{"line":10,"column":16},"end":{"line":10,"column":44}},"5":{"start":{"line":12,"column":25},"end":{"line":12,"column":62}},"6":{"start":{"line":13,"column":28},"end":{"line":13,"column":68}},"7":{"start":{"line":14,"column":28},"end":{"line":14,"column":68}},"8":{"start":{"line":16,"column":15},"end":{"line":16,"column":35}},"9":{"start":{"line":28,"column":0},"end":{"line":41,"column":3}},"10":{"start":{"line":29,"column":2},"end":{"line":40,"column":3}},"11":{"start":{"line":30,"column":22},"end":{"line":30,"column":69}},"12":{"start":{"line":31,"column":4},"end":{"line":34,"column":5}},"13":{"start":{"line":32,"column":19},"end":{"line":32,"column":53}},"14":{"start":{"line":32,"column":45},"end":{"line":32,"column":52}},"15":{"start":{"line":33,"column":6},"end":{"line":33,"column":38}},"16":{"start":{"line":36,"column":20},"end":{"line":36,"column":50}},"17":{"start":{"line":37,"column":4},"end":{"line":37,"column":45}},"18":{"start":{"line":39,"column":4},"end":{"line":39,"column":21}},"19":{"start":{"line":54,"column":0},"end":{"line":72,"column":3}},"20":{"start":{"line":55,"column":12},"end":{"line":55,"column":21}},"21":{"start":{"line":57,"column":2},"end":{"line":57,"column":69}},"22":{"start":{"line":57,"column":36},"end":{"line":57,"column":69}},"23":{"start":{"line":58,"column":2},"end":{"line":58,"column":69}},"24":{"start":{"line":58,"column":36},"end":{"line":58,"column":69}},"25":{"start":{"line":60,"column":2},"end":{"line":71,"column":3}},"26":{"start":{"line":61,"column":22},"end":{"line":61,"column":65}},"27":{"start":{"line":62,"column":4},"end":{"line":65,"column":5}},"28":{"start":{"line":63,"column":19},"end":{"line":63,"column":53}},"29":{"start":{"line":63,"column":45},"end":{"line":63,"column":52}},"30":{"start":{"line":64,"column":6},"end":{"line":64,"column":38}},"31":{"start":{"line":67,"column":22},"end":{"line":67,"column":46}},"32":{"start":{"line":68,"column":4},"end":{"line":68,"column":35}},"33":{"start":{"line":70,"column":4},"end":{"line":70,"column":21}},"34":{"start":{"line":82,"column":0},"end":{"line":89,"column":3}},"35":{"start":{"line":83,"column":2},"end":{"line":88,"column":3}},"36":{"start":{"line":84,"column":20},"end":{"line":84,"column":56}},"37":{"start":{"line":85,"column":4},"end":{"line":85,"column":33}},"38":{"start":{"line":87,"column":4},"end":{"line":87,"column":21}},"39":{"start":{"line":102,"column":0},"end":{"line":115,"column":3}},"40":{"start":{"line":103,"column":2},"end":{"line":114,"column":3}},"41":{"start":{"line":104,"column":22},"end":{"line":104,"column":72}},"42":{"start":{"line":105,"column":4},"end":{"line":108,"column":5}},"43":{"start":{"line":106,"column":19},"end":{"line":106,"column":53}},"44":{"start":{"line":106,"column":45},"end":{"line":106,"column":52}},"45":{"start":{"line":107,"column":6},"end":{"line":107,"column":38}},"46":{"start":{"line":110,"column":20},"end":{"line":110,"column":69}},"47":{"start":{"line":111,"column":4},"end":{"line":111,"column":33}},"48":{"start":{"line":113,"column":4},"end":{"line":113,"column":21}},"49":{"start":{"line":122,"column":0},"end":{"line":129,"column":3}},"50":{"start":{"line":123,"column":2},"end":{"line":128,"column":3}},"51":{"start":{"line":124,"column":4},"end":{"line":124,"column":44}},"52":{"start":{"line":125,"column":4},"end":{"line":125,"column":52}},"53":{"start":{"line":127,"column":4},"end":{"line":127,"column":21}},"54":{"start":{"line":132,"column":0},"end":{"line":132,"column":24}}},"fnMap":{"0":{"name":"(anonymous_0)","decl":{"start":{"line":28,"column":30},"end":{"line":28,"column":31}},"loc":{"start":{"line":28,"column":62},"end":{"line":41,"column":1}},"line":28},"1":{"name":"(anonymous_1)","decl":{"start":{"line":32,"column":40},"end":{"line":32,"column":41}},"loc":{"start":{"line":32,"column":45},"end":{"line":32,"column":52}},"line":32},"2":{"name":"(anonymous_2)","decl":{"start":{"line":54,"column":16},"end":{"line":54,"column":17}},"loc":{"start":{"line":54,"column":48},"end":{"line":72,"column":1}},"line":54},"3":{"name":"(anonymous_3)","decl":{"start":{"line":63,"column":40},"end":{"line":63,"column":41}},"loc":{"start":{"line":63,"column":45},"end":{"line":63,"column":52}},"line":63},"4":{"name":"(anonymous_4)","decl":{"start":{"line":82,"column":23},"end":{"line":82,"column":24}},"loc":{"start":{"line":82,"column":55},"end":{"line":89,"column":1}},"line":82},"5":{"name":"(anonymous_5)","decl":{"start":{"line":102,"column":38},"end":{"line":102,"column":39}},"loc":{"start":{"line":102,"column":70},"end":{"line":115,"column":1}},"line":102},"6":{"name":"(anonymous_6)","decl":{"start":{"line":106,"column":40},"end":{"line":106,"column":41}},"loc":{"start":{"line":106,"column":45},"end":{"line":106,"column":52}},"line":106},"7":{"name":"(anonymous_7)","decl":{"start":{"line":122,"column":39},"end":{"line":122,"column":40}},"loc":{"start":{"line":122,"column":71},"end":{"line":129,"column":1}},"line":122}},"branchMap":{"0":{"loc":{"start":{"line":31,"column":4},"end":{"line":34,"column":5}},"type":"if","locations":[{"start":{"line":31,"column":4},"end":{"line":34,"column":5}},{"start":{},"end":{}}],"line":31},"1":{"loc":{"start":{"line":57,"column":2},"end":{"line":57,"column":69}},"type":"if","locations":[{"start":{"line":57,"column":2},"end":{"line":57,"column":69}},{"start":{},"end":{}}],"line":57},"2":{"loc":{"start":{"line":58,"column":2},"end":{"line":58,"column":69}},"type":"if","locations":[{"start":{"line":58,"column":2},"end":{"line":58,"column":69}},{"start":{},"end":{}}],"line":58},"3":{"loc":{"start":{"line":62,"column":4},"end":{"line":65,"column":5}},"type":"if","locations":[{"start":{"line":62,"column":4},"end":{"line":65,"column":5}},{"start":{},"end":{}}],"line":62},"4":{"loc":{"start":{"line":105,"column":4},"end":{"line":108,"column":5}},"type":"if","locations":[{"start":{"line":105,"column":4},"end":{"line":108,"column":5}},{"start":{},"end":{}}],"line":105}},"s":{"0":5,"1":5,"2":5,"3":5,"4":5,"5":5,"6":5,"7":5,"8":5,"9":5,"10":0,"11":0,"12":0,"13":0,"14":0,"15":0,"16":0,"17":0,"18":0,"19":5,"20":0,"21":0,"22":0,"23":0,"24":0,"25":0,"26":0,"27":0,"28":0,"29":0,"30":0,"31":0,"32":0,"33":0,"34":5,"35":0,"36":0,"37":0,"38":0,"39":5,"40":0,"41":0,"42":0,"43":0,"44":0,"45":0,"46":0,"47":0,"48":0,"49":5,"50":0,"51":0,"52":0,"53":0,"54":5},"f":{"0":0,"1":0,"2":0,"3":0,"4":0,"5":0,"6":0,"7":0},"b":{"0":[0,0],"1":[0,0],"2":[0,0],"3":[0,0],"4":[0,0]},"_coverageSchema":"1a1c01bbd47fc00a2c39e90264f33305004495a9","hash":"11a137f628e20bd54a09a5eabae700b82f2534a2"}
,"/home/megan/Downloads/express-jobly-solution/routes/jobs.js": {"path":"/home/megan/Downloads/express-jobly-solution/routes/jobs.js","statementMap":{"0":{"start":{"line":5,"column":19},"end":{"line":5,"column":40}},"1":{"start":{"line":7,"column":16},"end":{"line":7,"column":34}},"2":{"start":{"line":8,"column":28},"end":{"line":8,"column":54}},"3":{"start":{"line":9,"column":24},"end":{"line":9,"column":53}},"4":{"start":{"line":10,"column":12},"end":{"line":10,"column":36}},"5":{"start":{"line":11,"column":21},"end":{"line":11,"column":54}},"6":{"start":{"line":12,"column":24},"end":{"line":12,"column":60}},"7":{"start":{"line":13,"column":24},"end":{"line":13,"column":60}},"8":{"start":{"line":15,"column":15},"end":{"line":15,"column":52}},"9":{"start":{"line":27,"column":0},"end":{"line":40,"column":3}},"10":{"start":{"line":28,"column":2},"end":{"line":39,"column":3}},"11":{"start":{"line":29,"column":22},"end":{"line":29,"column":65}},"12":{"start":{"line":30,"column":4},"end":{"line":33,"column":5}},"13":{"start":{"line":31,"column":19},"end":{"line":31,"column":53}},"14":{"start":{"line":31,"column":45},"end":{"line":31,"column":52}},"15":{"start":{"line":32,"column":6},"end":{"line":32,"column":38}},"16":{"start":{"line":35,"column":16},"end":{"line":35,"column":42}},"17":{"start":{"line":36,"column":4},"end":{"line":36,"column":41}},"18":{"start":{"line":38,"column":4},"end":{"line":38,"column":21}},"19":{"start":{"line":53,"column":0},"end":{"line":71,"column":3}},"20":{"start":{"line":54,"column":12},"end":{"line":54,"column":21}},"21":{"start":{"line":56,"column":2},"end":{"line":56,"column":60}},"22":{"start":{"line":56,"column":33},"end":{"line":56,"column":60}},"23":{"start":{"line":57,"column":2},"end":{"line":57,"column":39}},"24":{"start":{"line":59,"column":2},"end":{"line":70,"column":3}},"25":{"start":{"line":60,"column":22},"end":{"line":60,"column":61}},"26":{"start":{"line":61,"column":4},"end":{"line":64,"column":5}},"27":{"start":{"line":62,"column":19},"end":{"line":62,"column":53}},"28":{"start":{"line":62,"column":45},"end":{"line":62,"column":52}},"29":{"start":{"line":63,"column":6},"end":{"line":63,"column":38}},"30":{"start":{"line":66,"column":17},"end":{"line":66,"column":37}},"31":{"start":{"line":67,"column":4},"end":{"line":67,"column":30}},"32":{"start":{"line":69,"column":4},"end":{"line":69,"column":21}},"33":{"start":{"line":81,"column":0},"end":{"line":88,"column":3}},"34":{"start":{"line":82,"column":2},"end":{"line":87,"column":3}},"35":{"start":{"line":83,"column":16},"end":{"line":83,"column":44}},"36":{"start":{"line":84,"column":4},"end":{"line":84,"column":29}},"37":{"start":{"line":86,"column":4},"end":{"line":86,"column":21}},"38":{"start":{"line":100,"column":0},"end":{"line":113,"column":3}},"39":{"start":{"line":101,"column":2},"end":{"line":112,"column":3}},"40":{"start":{"line":102,"column":22},"end":{"line":102,"column":68}},"41":{"start":{"line":103,"column":4},"end":{"line":106,"column":5}},"42":{"start":{"line":104,"column":19},"end":{"line":104,"column":53}},"43":{"start":{"line":104,"column":45},"end":{"line":104,"column":52}},"44":{"start":{"line":105,"column":6},"end":{"line":105,"column":38}},"45":{"start":{"line":108,"column":16},"end":{"line":108,"column":57}},"46":{"start":{"line":109,"column":4},"end":{"line":109,"column":29}},"47":{"start":{"line":111,"column":4},"end":{"line":111,"column":21}},"48":{"start":{"line":120,"column":0},"end":{"line":127,"column":3}},"49":{"start":{"line":121,"column":2},"end":{"line":126,"column":3}},"50":{"start":{"line":122,"column":4},"end":{"line":122,"column":36}},"51":{"start":{"line":123,"column":4},"end":{"line":123,"column":49}},"52":{"start":{"line":125,"column":4},"end":{"line":125,"column":21}},"53":{"start":{"line":130,"column":0},"end":{"line":130,"column":24}}},"fnMap":{"0":{"name":"(anonymous_0)","decl":{"start":{"line":27,"column":30},"end":{"line":27,"column":31}},"loc":{"start":{"line":27,"column":62},"end":{"line":40,"column":1}},"line":27},"1":{"name":"(anonymous_1)","decl":{"start":{"line":31,"column":40},"end":{"line":31,"column":41}},"loc":{"start":{"line":31,"column":45},"end":{"line":31,"column":52}},"line":31},"2":{"name":"(anonymous_2)","decl":{"start":{"line":53,"column":16},"end":{"line":53,"column":17}},"loc":{"start":{"line":53,"column":48},"end":{"line":71,"column":1}},"line":53},"3":{"name":"(anonymous_3)","decl":{"start":{"line":62,"column":40},"end":{"line":62,"column":41}},"loc":{"start":{"line":62,"column":45},"end":{"line":62,"column":52}},"line":62},"4":{"name":"(anonymous_4)","decl":{"start":{"line":81,"column":19},"end":{"line":81,"column":20}},"loc":{"start":{"line":81,"column":51},"end":{"line":88,"column":1}},"line":81},"5":{"name":"(anonymous_5)","decl":{"start":{"line":100,"column":34},"end":{"line":100,"column":35}},"loc":{"start":{"line":100,"column":66},"end":{"line":113,"column":1}},"line":100},"6":{"name":"(anonymous_6)","decl":{"start":{"line":104,"column":40},"end":{"line":104,"column":41}},"loc":{"start":{"line":104,"column":45},"end":{"line":104,"column":52}},"line":104},"7":{"name":"(anonymous_7)","decl":{"start":{"line":120,"column":35},"end":{"line":120,"column":36}},"loc":{"start":{"line":120,"column":67},"end":{"line":127,"column":1}},"line":120}},"branchMap":{"0":{"loc":{"start":{"line":30,"column":4},"end":{"line":33,"column":5}},"type":"if","locations":[{"start":{"line":30,"column":4},"end":{"line":33,"column":5}},{"start":{},"end":{}}],"line":30},"1":{"loc":{"start":{"line":56,"column":2},"end":{"line":56,"column":60}},"type":"if","locations":[{"start":{"line":56,"column":2},"end":{"line":56,"column":60}},{"start":{},"end":{}}],"line":56},"2":{"loc":{"start":{"line":61,"column":4},"end":{"line":64,"column":5}},"type":"if","locations":[{"start":{"line":61,"column":4},"end":{"line":64,"column":5}},{"start":{},"end":{}}],"line":61},"3":{"loc":{"start":{"line":103,"column":4},"end":{"line":106,"column":5}},"type":"if","locations":[{"start":{"line":103,"column":4},"end":{"line":106,"column":5}},{"start":{},"end":{}}],"line":103}},"s":{"0":5,"1":5,"2":5,"3":5,"4":5,"5":5,"6":5,"7":5,"8":5,"9":5,"10":0,"11":0,"12":0,"13":0,"14":0,"15":0,"16":0,"17":0,"18":0,"19":5,"20":0,"21":0,"22":0,"23":0,"24":0,"25":0,"26":0,"27":0,"28":0,"29":0,"30":0,"31":0,"32":0,"33":5,"34":0,"35":0,"36":0,"37":0,"38":5,"39":0,"40":0,"41":0,"42":0,"43":0,"44":0,"45":0,"46":0,"47":0,"48":5,"49":0,"50":0,"51":0,"52":0,"53":5},"f":{"0":0,"1":0,"2":0,"3":0,"4":0,"5":0,"6":0,"7":0},"b":{"0":[0,0],"1":[0,0],"2":[0,0],"3":[0,0]},"_coverageSchema":"1a1c01bbd47fc00a2c39e90264f33305004495a9","hash":"844e71535546974accd0b164aff9ef18642c6b79"}
,"/home/megan/Downloads/express-jobly-solution/routes/users.js": {"path":"/home/megan/Downloads/express-jobly-solution/routes/users.js","statementMap":{"0":{"start":{"line":5,"column":19},"end":{"line":5,"column":40}},"1":{"start":{"line":7,"column":16},"end":{"line":7,"column":34}},"2":{"start":{"line":8,"column":50},"end":{"line":8,"column":79}},"3":{"start":{"line":9,"column":28},"end":{"line":9,"column":54}},"4":{"start":{"line":10,"column":13},"end":{"line":10,"column":38}},"5":{"start":{"line":11,"column":24},"end":{"line":11,"column":52}},"6":{"start":{"line":12,"column":22},"end":{"line":12,"column":56}},"7":{"start":{"line":13,"column":25},"end":{"line":13,"column":62}},"8":{"start":{"line":15,"column":15},"end":{"line":15,"column":31}},"9":{"start":{"line":30,"column":0},"end":{"line":44,"column":3}},"10":{"start":{"line":31,"column":2},"end":{"line":43,"column":3}},"11":{"start":{"line":32,"column":22},"end":{"line":32,"column":66}},"12":{"start":{"line":33,"column":4},"end":{"line":36,"column":5}},"13":{"start":{"line":34,"column":19},"end":{"line":34,"column":53}},"14":{"start":{"line":34,"column":45},"end":{"line":34,"column":52}},"15":{"start":{"line":35,"column":6},"end":{"line":35,"column":38}},"16":{"start":{"line":38,"column":17},"end":{"line":38,"column":46}},"17":{"start":{"line":39,"column":18},"end":{"line":39,"column":35}},"18":{"start":{"line":40,"column":4},"end":{"line":40,"column":49}},"19":{"start":{"line":42,"column":4},"end":{"line":42,"column":21}},"20":{"start":{"line":54,"column":0},"end":{"line":61,"column":3}},"21":{"start":{"line":55,"column":2},"end":{"line":60,"column":3}},"22":{"start":{"line":56,"column":18},"end":{"line":56,"column":38}},"23":{"start":{"line":57,"column":4},"end":{"line":57,"column":31}},"24":{"start":{"line":59,"column":4},"end":{"line":59,"column":21}},"25":{"start":{"line":72,"column":0},"end":{"line":79,"column":3}},"26":{"start":{"line":73,"column":2},"end":{"line":78,"column":3}},"27":{"start":{"line":74,"column":17},"end":{"line":74,"column":52}},"28":{"start":{"line":75,"column":4},"end":{"line":75,"column":30}},"29":{"start":{"line":77,"column":4},"end":{"line":77,"column":21}},"30":{"start":{"line":92,"column":0},"end":{"line":105,"column":3}},"31":{"start":{"line":93,"column":2},"end":{"line":104,"column":3}},"32":{"start":{"line":94,"column":22},"end":{"line":94,"column":69}},"33":{"start":{"line":95,"column":4},"end":{"line":98,"column":5}},"34":{"start":{"line":96,"column":19},"end":{"line":96,"column":53}},"35":{"start":{"line":96,"column":45},"end":{"line":96,"column":52}},"36":{"start":{"line":97,"column":6},"end":{"line":97,"column":38}},"37":{"start":{"line":100,"column":17},"end":{"line":100,"column":65}},"38":{"start":{"line":101,"column":4},"end":{"line":101,"column":30}},"39":{"start":{"line":103,"column":4},"end":{"line":103,"column":21}},"40":{"start":{"line":113,"column":0},"end":{"line":120,"column":3}},"41":{"start":{"line":114,"column":2},"end":{"line":119,"column":3}},"42":{"start":{"line":115,"column":4},"end":{"line":115,"column":43}},"43":{"start":{"line":116,"column":4},"end":{"line":116,"column":54}},"44":{"start":{"line":118,"column":4},"end":{"line":118,"column":21}},"45":{"start":{"line":130,"column":0},"end":{"line":138,"column":3}},"46":{"start":{"line":131,"column":2},"end":{"line":137,"column":3}},"47":{"start":{"line":132,"column":18},"end":{"line":132,"column":32}},"48":{"start":{"line":133,"column":4},"end":{"line":133,"column":54}},"49":{"start":{"line":134,"column":4},"end":{"line":134,"column":40}},"50":{"start":{"line":136,"column":4},"end":{"line":136,"column":21}},"51":{"start":{"line":141,"column":0},"end":{"line":141,"column":24}}},"fnMap":{"0":{"name":"(anonymous_0)","decl":{"start":{"line":30,"column":30},"end":{"line":30,"column":31}},"loc":{"start":{"line":30,"column":62},"end":{"line":44,"column":1}},"line":30},"1":{"name":"(anonymous_1)","decl":{"start":{"line":34,"column":40},"end":{"line":34,"column":41}},"loc":{"start":{"line":34,"column":45},"end":{"line":34,"column":52}},"line":34},"2":{"name":"(anonymous_2)","decl":{"start":{"line":54,"column":29},"end":{"line":54,"column":30}},"loc":{"start":{"line":54,"column":61},"end":{"line":61,"column":1}},"line":54},"3":{"name":"(anonymous_3)","decl":{"start":{"line":72,"column":51},"end":{"line":72,"column":52}},"loc":{"start":{"line":72,"column":83},"end":{"line":79,"column":1}},"line":72},"4":{"name":"(anonymous_4)","decl":{"start":{"line":92,"column":53},"end":{"line":92,"column":54}},"loc":{"start":{"line":92,"column":85},"end":{"line":105,"column":1}},"line":92},"5":{"name":"(anonymous_5)","decl":{"start":{"line":96,"column":40},"end":{"line":96,"column":41}},"loc":{"start":{"line":96,"column":45},"end":{"line":96,"column":52}},"line":96},"6":{"name":"(anonymous_6)","decl":{"start":{"line":113,"column":54},"end":{"line":113,"column":55}},"loc":{"start":{"line":113,"column":86},"end":{"line":120,"column":1}},"line":113},"7":{"name":"(anonymous_7)","decl":{"start":{"line":130,"column":61},"end":{"line":130,"column":62}},"loc":{"start":{"line":130,"column":93},"end":{"line":138,"column":1}},"line":130}},"branchMap":{"0":{"loc":{"start":{"line":33,"column":4},"end":{"line":36,"column":5}},"type":"if","locations":[{"start":{"line":33,"column":4},"end":{"line":36,"column":5}},{"start":{},"end":{}}],"line":33},"1":{"loc":{"start":{"line":95,"column":4},"end":{"line":98,"column":5}},"type":"if","locations":[{"start":{"line":95,"column":4},"end":{"line":98,"column":5}},{"start":{},"end":{}}],"line":95}},"s":{"0":5,"1":5,"2":5,"3":5,"4":5,"5":5,"6":5,"7":5,"8":5,"9":5,"10":0,"11":0,"12":0,"13":0,"14":0,"15":0,"16":0,"17":0,"18":0,"19":0,"20":5,"21":0,"22":0,"23":0,"24":0,"25":5,"26":0,"27":0,"28":0,"29":0,"30":5,"31":0,"32":0,"33":0,"34":0,"35":0,"36":0,"37":0,"38":0,"39":0,"40":5,"41":0,"42":0,"43":0,"44":0,"45":5,"46":0,"47":0,"48":0,"49":0,"50":0,"51":5},"f":{"0":0,"1":0,"2":0,"3":0,"4":0,"5":0,"6":0,"7":0},"b":{"0":[0,0],"1":[0,0]},"_coverageSchema":"1a1c01bbd47fc00a2c39e90264f33305004495a9","hash":"2116ca6678ab6ddde2dbf89a6ab8ab3f5f729eb8"}
}
