TN:
SF:app.js
FN:32,(anonymous_0)
FN:37,(anonymous_1)
FNF:2
FNH:2
FNDA:2,(anonymous_0)
FNDA:2,(anonymous_1)
DA:5,5
DA:6,5
DA:8,5
DA:10,5
DA:11,5
DA:12,5
DA:13,5
DA:14,5
DA:16,5
DA:18,5
DA:20,5
DA:21,5
DA:22,5
DA:23,5
DA:25,5
DA:26,5
DA:27,5
DA:28,5
DA:32,5
DA:33,2
DA:37,5
DA:38,2
DA:39,2
DA:40,2
DA:42,2
DA:47,5
LF:26
LH:26
BRDA:38,0,0,1
BRDA:38,0,1,1
BRDA:39,1,0,2
BRDA:39,1,1,0
BRF:4
BRH:3
end_of_record
TN:
SF:config.js
FN:13,getDatabaseUri
FNF:1
FNH:1
FNDA:22,getDatabaseUri
DA:5,11
DA:6,11
DA:8,11
DA:10,11
DA:14,22
DA:22,11
DA:24,11
DA:25,11
DA:26,11
DA:27,11
DA:28,11
DA:29,11
DA:31,11
LF:13
LH:13
BRDA:8,0,0,11
BRDA:8,0,1,10
BRDA:10,1,0,11
BRDA:10,1,1,10
BRDA:14,2,0,19
BRDA:14,2,1,3
BRDA:16,3,0,3
BRDA:16,3,1,1
BRDA:22,4,0,10
BRDA:22,4,1,1
BRF:10
BRH:10
end_of_record
TN:
SF:db.js
FNF:0
FNH:0
DA:3,8
DA:4,8
DA:8,8
DA:9,0
DA:16,8
DA:21,8
DA:23,8
LF:7
LH:6
BRDA:8,0,0,0
BRDA:8,0,1,8
BRF:2
BRH:1
end_of_record
TN:
SF:expressError.js
FN:8,(anonymous_0)
FN:18,(anonymous_1)
FN:26,(anonymous_2)
FN:34,(anonymous_3)
FN:42,(anonymous_4)
FNF:5
FNH:3
FNDA:7,(anonymous_0)
FNDA:2,(anonymous_1)
FNDA:5,(anonymous_2)
FNDA:0,(anonymous_3)
FNDA:0,(anonymous_4)
DA:9,7
DA:10,7
DA:11,7
DA:19,2
DA:27,5
DA:35,0
DA:43,0
DA:47,10
LF:8
LH:6
BRDA:18,0,0,2
BRDA:26,1,0,5
BRDA:34,2,0,0
BRDA:42,3,0,0
BRF:4
BRH:2
end_of_record
TN:
SF:helpers/sql.js
FN:20,sqlForPartialUpdate
FN:25,(anonymous_1)
FNF:2
FNH:2
FNDA:2,sqlForPartialUpdate
FNDA:3,(anonymous_1)
DA:1,9
DA:21,2
DA:22,2
DA:25,2
DA:26,3
DA:29,2
DA:35,9
LF:7
LH:7
BRDA:22,0,0,0
BRDA:22,0,1,2
BRDA:26,1,0,3
BRDA:26,1,1,1
BRF:4
BRH:3
end_of_record
TN:
SF:helpers/tokens.js
FN:6,createToken
FNF:1
FNH:1
FNDA:15,createToken
DA:1,6
DA:2,6
DA:7,15
DA:10,15
DA:15,15
DA:18,6
LF:6
LH:6
BRDA:12,0,0,15
BRDA:12,0,1,10
BRF:2
BRH:2
end_of_record
TN:
SF:middleware/auth.js
FN:18,authenticateJWT
FN:36,ensureLoggedIn
FN:51,ensureAdmin
FN:68,ensureCorrectUserOrAdmin
FNF:4
FNH:4
FNDA:5,authenticateJWT
FNDA:2,ensureLoggedIn
FNDA:3,ensureAdmin
FNDA:4,ensureCorrectUserOrAdmin
DA:5,6
DA:6,6
DA:7,6
DA:19,5
DA:20,5
DA:21,5
DA:22,2
DA:23,2
DA:25,4
DA:27,1
DA:37,2
DA:38,2
DA:39,1
DA:41,1
DA:52,3
DA:53,3
DA:54,2
DA:56,1
DA:58,2
DA:69,4
DA:70,4
DA:71,4
DA:72,2
DA:74,2
DA:76,2
DA:81,6
LF:26
LH:26
BRDA:20,0,0,5
BRDA:20,0,1,4
BRDA:21,1,0,2
BRDA:21,1,1,3
BRDA:38,2,0,1
BRDA:38,2,1,1
BRDA:53,3,0,2
BRDA:53,3,1,1
BRDA:53,4,0,3
BRDA:53,4,1,2
BRDA:71,5,0,2
BRDA:71,5,1,2
BRDA:71,6,0,4
BRDA:71,6,1,3
BRDA:71,6,2,2
BRF:15
BRH:15
end_of_record
TN:
SF:models/_testCommon.js
FN:8,commonBeforeAll
FN:27,(anonymous_1)
FN:49,commonBeforeEach
FN:53,commonAfterEach
FN:57,commonAfterAll
FNF:5
FNH:3
FNDA:3,commonBeforeAll
FNDA:0,(anonymous_1)
FNDA:0,commonBeforeEach
FNDA:48,commonAfterEach
FNDA:3,commonAfterAll
DA:1,3
DA:3,3
DA:4,3
DA:6,3
DA:10,3
DA:12,0
DA:14,0
DA:20,0
DA:27,0
DA:29,0
DA:43,0
DA:50,0
DA:54,48
DA:58,3
DA:62,3
LF:15
LH:8
BRF:0
BRH:0
end_of_record
TN:
SF:models/company.js
FN:19,(anonymous_0)
FN:57,(anonymous_1)
FN:110,(anonymous_2)
FN:150,(anonymous_3)
FN:180,(anonymous_4)
FNF:5
FNH:0
FNDA:0,(anonymous_0)
FNDA:0,(anonymous_1)
FNDA:0,(anonymous_2)
FNDA:0,(anonymous_3)
FNDA:0,(anonymous_4)
DA:3,6
DA:4,6
DA:5,6
DA:20,0
DA:26,0
DA:27,0
DA:29,0
DA:42,0
DA:44,0
DA:58,0
DA:64,0
DA:65,0
DA:67,0
DA:69,0
DA:70,0
DA:76,0
DA:77,0
DA:78,0
DA:81,0
DA:82,0
DA:83,0
DA:86,0
DA:87,0
DA:88,0
DA:91,0
DA:92,0
DA:97,0
DA:98,0
DA:99,0
DA:111,0
DA:121,0
DA:123,0
DA:125,0
DA:133,0
DA:135,0
DA:151,0
DA:157,0
DA:159,0
DA:167,0
DA:168,0
DA:170,0
DA:172,0
DA:181,0
DA:187,0
DA:189,0
DA:194,6
LF:46
LH:4
BRDA:26,0,0,0
BRDA:26,0,1,0
BRDA:57,1,0,0
BRDA:69,2,0,0
BRDA:69,2,1,0
BRDA:76,3,0,0
BRDA:76,3,1,0
BRDA:81,4,0,0
BRDA:81,4,1,0
BRDA:86,5,0,0
BRDA:86,5,1,0
BRDA:91,6,0,0
BRDA:91,6,1,0
BRDA:123,7,0,0
BRDA:123,7,1,0
BRDA:170,8,0,0
BRDA:170,8,1,0
BRDA:189,9,0,0
BRDA:189,9,1,0
BRF:19
BRH:0
end_of_record
TN:
SF:models/job.js
FN:18,(anonymous_0)
FN:47,(anonymous_1)
FN:95,(anonymous_2)
FN:136,(anonymous_3)
FN:163,(anonymous_4)
FNF:5
FNH:0
FNDA:0,(anonymous_0)
FNDA:0,(anonymous_1)
FNDA:0,(anonymous_2)
FNDA:0,(anonymous_3)
FNDA:0,(anonymous_4)
DA:3,6
DA:4,6
DA:5,6
DA:19,0
DA:32,0
DA:34,0
DA:48,0
DA:56,0
DA:57,0
DA:62,0
DA:63,0
DA:64,0
DA:67,0
DA:68,0
DA:71,0
DA:72,0
DA:73,0
DA:76,0
DA:77,0
DA:82,0
DA:83,0
DA:84,0
DA:96,0
DA:105,0
DA:107,0
DA:109,0
DA:118,0
DA:119,0
DA:121,0
DA:137,0
DA:140,0
DA:142,0
DA:150,0
DA:151,0
DA:153,0
DA:155,0
DA:164,0
DA:169,0
DA:171,0
DA:175,6
LF:40
LH:4
BRDA:47,0,0,0
BRDA:62,1,0,0
BRDA:62,1,1,0
BRDA:67,2,0,0
BRDA:67,2,1,0
BRDA:71,3,0,0
BRDA:71,3,1,0
BRDA:76,4,0,0
BRDA:76,4,1,0
BRDA:107,5,0,0
BRDA:107,5,1,0
BRDA:153,6,0,0
BRDA:153,6,1,0
BRDA:171,7,0,0
BRDA:171,7,1,0
BRF:15
BRH:0
end_of_record
TN:
SF:models/user.js
FN:24,(anonymous_0)
FN:59,(anonymous_1)
FN:104,(anonymous_2)
FN:126,(anonymous_3)
FN:147,(anonymous_4)
FN:168,(anonymous_5)
FN:201,(anonymous_6)
FN:220,(anonymous_7)
FNF:8
FNH:0
FNDA:0,(anonymous_0)
FNDA:0,(anonymous_1)
FNDA:0,(anonymous_2)
FNDA:0,(anonymous_3)
FNDA:0,(anonymous_4)
FNDA:0,(anonymous_5)
FNDA:0,(anonymous_6)
FNDA:0,(anonymous_7)
DA:3,6
DA:4,6
DA:5,6
DA:10,6
DA:12,6
DA:26,0
DA:38,0
DA:40,0
DA:42,0
DA:43,0
DA:44,0
DA:45,0
DA:49,0
DA:61,0
DA:68,0
DA:69,0
DA:72,0
DA:74,0
DA:94,0
DA:96,0
DA:105,0
DA:115,0
DA:127,0
DA:138,0
DA:140,0
DA:142,0
DA:147,0
DA:148,0
DA:169,0
DA:170,0
DA:173,0
DA:180,0
DA:182,0
DA:190,0
DA:191,0
DA:193,0
DA:195,0
DA:196,0
DA:202,0
DA:209,0
DA:211,0
DA:221,0
DA:225,0
DA:227,0
DA:229,0
DA:233,0
DA:235,0
DA:237,0
DA:245,6
LF:49
LH:6
BRDA:40,0,0,0
BRDA:40,0,1,0
BRDA:43,1,0,0
BRDA:43,1,1,0
BRDA:68,2,0,0
BRDA:68,2,1,0
BRDA:140,3,0,0
BRDA:140,3,1,0
BRDA:169,4,0,0
BRDA:169,4,1,0
BRDA:193,5,0,0
BRDA:193,5,1,0
BRDA:211,6,0,0
BRDA:211,6,1,0
BRDA:227,7,0,0
BRDA:227,7,1,0
BRDA:235,8,0,0
BRDA:235,8,1,0
BRF:18
BRH:0
end_of_record
TN:
SF:routes/_testCommon.js
FN:11,commonBeforeAll
FN:77,commonBeforeEach
FN:81,commonAfterEach
FN:85,commonAfterAll
FNF:4
FNH:3
FNDA:4,commonBeforeAll
FNDA:0,commonBeforeEach
FNDA:82,commonAfterEach
FNDA:4,commonAfterAll
DA:3,4
DA:4,4
DA:5,4
DA:6,4
DA:7,4
DA:9,4
DA:13,4
DA:15,0
DA:17,0
DA:25,0
DA:33,0
DA:42,0
DA:44,0
DA:46,0
DA:49,0
DA:57,0
DA:65,0
DA:74,0
DA:78,0
DA:82,82
DA:86,4
DA:90,4
DA:91,4
DA:92,4
DA:95,4
LF:25
LH:13
BRF:0
BRH:0
end_of_record
TN:
SF:routes/auth.js
FN:22,(anonymous_0)
FN:26,(anonymous_1)
FN:49,(anonymous_2)
FN:53,(anonymous_3)
FNF:4
FNH:0
FNDA:0,(anonymous_0)
FNDA:0,(anonymous_1)
FNDA:0,(anonymous_2)
FNDA:0,(anonymous_3)
DA:5,5
DA:7,5
DA:8,5
DA:9,5
DA:10,5
DA:11,5
DA:12,5
DA:13,5
DA:22,5
DA:23,0
DA:24,0
DA:25,0
DA:26,0
DA:27,0
DA:30,0
DA:31,0
DA:32,0
DA:33,0
DA:35,0
DA:49,5
DA:50,0
DA:51,0
DA:52,0
DA:53,0
DA:54,0
DA:57,0
DA:58,0
DA:59,0
DA:61,0
DA:66,5
LF:30
LH:11
BRDA:25,0,0,0
BRDA:25,0,1,0
BRDA:52,1,0,0
BRDA:52,1,1,0
BRF:4
BRH:0
end_of_record
TN:
SF:routes/companies.js
FN:28,(anonymous_0)
FN:32,(anonymous_1)
FN:54,(anonymous_2)
FN:63,(anonymous_3)
FN:82,(anonymous_4)
FN:102,(anonymous_5)
FN:106,(anonymous_6)
FN:122,(anonymous_7)
FNF:8
FNH:0
FNDA:0,(anonymous_0)
FNDA:0,(anonymous_1)
FNDA:0,(anonymous_2)
FNDA:0,(anonymous_3)
FNDA:0,(anonymous_4)
FNDA:0,(anonymous_5)
FNDA:0,(anonymous_6)
FNDA:0,(anonymous_7)
DA:5,5
DA:6,5
DA:8,5
DA:9,5
DA:10,5
DA:12,5
DA:13,5
DA:14,5
DA:16,5
DA:28,5
DA:29,0
DA:30,0
DA:31,0
DA:32,0
DA:33,0
DA:36,0
DA:37,0
DA:39,0
DA:54,5
DA:55,0
DA:57,0
DA:58,0
DA:60,0
DA:61,0
DA:62,0
DA:63,0
DA:64,0
DA:67,0
DA:68,0
DA:70,0
DA:82,5
DA:83,0
DA:84,0
DA:85,0
DA:87,0
DA:102,5
DA:103,0
DA:104,0
DA:105,0
DA:106,0
DA:107,0
DA:110,0
DA:111,0
DA:113,0
DA:122,5
DA:123,0
DA:124,0
DA:125,0
DA:127,0
DA:132,5
LF:50
LH:15
BRDA:31,0,0,0
BRDA:31,0,1,0
BRDA:57,1,0,0
BRDA:57,1,1,0
BRDA:58,2,0,0
BRDA:58,2,1,0
BRDA:62,3,0,0
BRDA:62,3,1,0
BRDA:105,4,0,0
BRDA:105,4,1,0
BRF:10
BRH:0
end_of_record
TN:
SF:routes/jobs.js
FN:27,(anonymous_0)
FN:31,(anonymous_1)
FN:53,(anonymous_2)
FN:62,(anonymous_3)
FN:81,(anonymous_4)
FN:100,(anonymous_5)
FN:104,(anonymous_6)
FN:120,(anonymous_7)
FNF:8
FNH:0
FNDA:0,(anonymous_0)
FNDA:0,(anonymous_1)
FNDA:0,(anonymous_2)
FNDA:0,(anonymous_3)
FNDA:0,(anonymous_4)
FNDA:0,(anonymous_5)
FNDA:0,(anonymous_6)
FNDA:0,(anonymous_7)
DA:5,5
DA:7,5
DA:8,5
DA:9,5
DA:10,5
DA:11,5
DA:12,5
DA:13,5
DA:15,5
DA:27,5
DA:28,0
DA:29,0
DA:30,0
DA:31,0
DA:32,0
DA:35,0
DA:36,0
DA:38,0
DA:53,5
DA:54,0
DA:56,0
DA:57,0
DA:59,0
DA:60,0
DA:61,0
DA:62,0
DA:63,0
DA:66,0
DA:67,0
DA:69,0
DA:81,5
DA:82,0
DA:83,0
DA:84,0
DA:86,0
DA:100,5
DA:101,0
DA:102,0
DA:103,0
DA:104,0
DA:105,0
DA:108,0
DA:109,0
DA:111,0
DA:120,5
DA:121,0
DA:122,0
DA:123,0
DA:125,0
DA:130,5
LF:50
LH:15
BRDA:30,0,0,0
BRDA:30,0,1,0
BRDA:56,1,0,0
BRDA:56,1,1,0
BRDA:61,2,0,0
BRDA:61,2,1,0
BRDA:103,3,0,0
BRDA:103,3,1,0
BRF:8
BRH:0
end_of_record
TN:
SF:routes/users.js
FN:30,(anonymous_0)
FN:34,(anonymous_1)
FN:54,(anonymous_2)
FN:72,(anonymous_3)
FN:92,(anonymous_4)
FN:96,(anonymous_5)
FN:113,(anonymous_6)
FN:130,(anonymous_7)
FNF:8
FNH:0
FNDA:0,(anonymous_0)
FNDA:0,(anonymous_1)
FNDA:0,(anonymous_2)
FNDA:0,(anonymous_3)
FNDA:0,(anonymous_4)
FNDA:0,(anonymous_5)
FNDA:0,(anonymous_6)
FNDA:0,(anonymous_7)
DA:5,5
DA:7,5
DA:8,5
DA:9,5
DA:10,5
DA:11,5
DA:12,5
DA:13,5
DA:15,5
DA:30,5
DA:31,0
DA:32,0
DA:33,0
DA:34,0
DA:35,0
DA:38,0
DA:39,0
DA:40,0
DA:42,0
DA:54,5
DA:55,0
DA:56,0
DA:57,0
DA:59,0
DA:72,5
DA:73,0
DA:74,0
DA:75,0
DA:77,0
DA:92,5
DA:93,0
DA:94,0
DA:95,0
DA:96,0
DA:97,0
DA:100,0
DA:101,0
DA:103,0
DA:113,5
DA:114,0
DA:115,0
DA:116,0
DA:118,0
DA:130,5
DA:131,0
DA:132,0
DA:133,0
DA:134,0
DA:136,0
DA:141,5
LF:50
LH:16
BRDA:33,0,0,0
BRDA:33,0,1,0
BRDA:95,1,0,0
BRDA:95,1,1,0
BRF:4
BRH:0
end_of_record
